# This file was automatically created by FeynRules 2.4.91
# Mathematica version: 13.1.0 for Mac OS X ARM (64-bit) (June 16, 2022)
# Date: Tue 4 Jun 2024 14:28:10


# 
# This is the logfile for the model DMsimp_t

# Authors: Benjamin Fuks
# Model version: 2.0
# Checking the Quantum numbers
   * Electric charge defined.
# Checking the Lagrangians
   * All Lagrangians are ok.
#
# Particle definitions
#

   * No particles removed. All particles correspond to GenInt setup.

# Automatically assigned PDG numbers
   * Assigned PDG number 9000001 to particle ghA
   * Assigned PDG number 9000002 to particle ghZ
   * Assigned PDG number 9000003 to particle ghWp
   * Assigned PDG number 9000004 to particle ghWm


# Compulsory PDG codes:
   * Class SM leptons complete.
   * Class SM neutrinos complete.
   * Class SM quarks complete.
   * Class SM gauge bosons complete.
#
# Parameter definitions
#

   * All parameters are ok.


# Vertices
   * Calling FeynmanRules for 1 Lagrangians.
   * Number of classes vertices: 766
   * Number of flavored vertices: 766
   * Saved vertices in InterfaceRun[ 1 ].
   * Checked QNumber conservation.
      - Quantum number GhostNumber conserved in all vertices.
      - Quantum number LeptonNumber conserved in all vertices.
      - Quantum number Q conserved in all vertices.
      - Quantum number Y conserved in all vertices.
   * particles.py written.
   * parameters.py written.
#
# Vertex definitions
#

   * 632 vertices written.
   * vertices.py written.
#
# Lorentz structure definitions
#

   * 45 lorentz structures written.
   * lorentz.py written.
#
# Coupling definitions
#

   * 138 couplings written.
   * couplings.py written.
#
# Coupling order definitions
#

   * 0 couplings orders written.
   * coupling_orders.py written.
#
# Decay definitions
#

   * 54 decays written.
   * decay.py not written
#
# CTCoupling definitions
#

   * 1450 CTcouplings written.
   * CT_couplings.py written.
#
# CTVertex definitions
#

   * 961 CTvertices written.
   * CT_vertices.py written.
#
# CTCoupling definitions
#

   * 133 CTparameters written.
   * CT_parameters.py written.
